
{"ip":"::1","uid":1,"time":1514248730,"action":"\u767b\u5f55\u540e\u53f0\u5931\u8d25\uff0c\u8d26\u53f7\u3010admin\u3011\uff0c\u5bc6\u7801\u3010root\u3011","username":"admin"}
{"ip":"::1","uid":1,"time":1514249260,"action":"\u66f4\u65b0\u5168\u7ad9\u7f13\u5b58","username":"admin"}
{"ip":"::1","uid":1,"time":1514249458,"action":"\u6dfb\u52a0\u7ad9\u70b9\u3010#1\u3011\u680f\u76ee\u3010#65\u3011","username":"admin"}
{"ip":"::1","uid":1,"time":1514249486,"action":"\u4fee\u6539\u7ad9\u70b9\u3010#1\u3011\u680f\u76ee\u3010#65\u3011","username":"admin"}
{"ip":"::1","uid":1,"time":1514249623,"action":"\u6dfb\u52a0\u7ad9\u70b9\u3010#1\u3011\u680f\u76ee\u3010#66\u3011","username":"admin"}
{"ip":"::1","uid":1,"time":1514249682,"action":"\u6dfb\u52a0\u7ad9\u70b9\u3010#1\u3011\u680f\u76ee\u3010#67\u3011","username":"admin"}
{"ip":"::1","uid":1,"time":1514249723,"action":"\u6dfb\u52a0\u7ad9\u70b9\u3010#1\u3011\u680f\u76ee\u3010#68\u3011","username":"admin"}
{"ip":"::1","uid":1,"time":1514249821,"action":"\u6279\u91cf\u6dfb\u52a0\u7ad9\u70b9\u3010#1\u3011\u680f\u76ee\u30109\u4e2a\u3011","username":"admin"}
{"ip":"::1","uid":1,"time":1514249892,"action":"\u6dfb\u52a0\u7ad9\u70b9\u3010#1\u3011\u680f\u76ee\u3010#78\u3011","username":"admin"}
{"ip":"::1","uid":1,"time":1514249934,"action":"\u6dfb\u52a0\u7ad9\u70b9\u3010#1\u3011\u680f\u76ee\u3010#79\u3011","username":"admin"}
{"ip":"::1","uid":1,"time":1514249965,"action":"\u4fee\u6539\u7ad9\u70b9\u3010#1\u3011\u680f\u76ee\u3010#78\u3011","username":"admin"}
{"ip":"::1","uid":1,"time":1514249984,"action":"\u4fee\u6539\u7ad9\u70b9\u3010#1\u3011\u680f\u76ee\u3010#79\u3011","username":"admin"}
{"ip":"::1","uid":1,"time":1514250052,"action":"\u6279\u91cf\u6dfb\u52a0\u7ad9\u70b9\u3010#1\u3011\u680f\u76ee\u30103\u4e2a\u3011","username":"admin"}
{"ip":"::1","uid":1,"time":1514250292,"action":"\u6dfb\u52a0\u6a21\u578b\u3010artical\u3011\u5b57\u6bb5\u3010name1\u3011","username":"admin"}
{"ip":"::1","uid":1,"time":1514250349,"action":"\u6dfb\u52a0\u6a21\u578b\u3010artical\u3011\u5b57\u6bb5\u3010name2\u3011","username":"admin"}
{"ip":"::1","uid":1,"time":1514250380,"action":"\u6dfb\u52a0\u6a21\u578b\u3010artical\u3011\u5b57\u6bb5\u3010name3\u3011","username":"admin"}
{"ip":"::1","uid":1,"time":1514250423,"action":"\u6dfb\u52a0\u6a21\u578b\u3010artical\u3011\u5b57\u6bb5\u3010name4\u3011","username":"admin"}
{"ip":"::1","uid":1,"time":1514250453,"action":"\u6dfb\u52a0\u6a21\u578b\u3010artical\u3011\u5b57\u6bb5\u3010name5\u3011","username":"admin"}
{"ip":"::1","uid":1,"time":1514250484,"action":"\u6dfb\u52a0\u6a21\u578b\u3010artical\u3011\u5b57\u6bb5\u3010name6\u3011","username":"admin"}
{"ip":"::1","uid":1,"time":1514250862,"action":"\u6dfb\u52a0 \u7ad9\u70b9\u3010#1\u3011\u6a21\u578b\u3010artical\u3011\u5185\u5bb9\u3010#319\u3011","username":"admin"}
{"ip":"::1","uid":1,"time":1514250928,"action":"\u6dfb\u52a0 \u7ad9\u70b9\u3010#1\u3011\u6a21\u578b\u3010artical\u3011\u5185\u5bb9\u3010#320\u3011","username":"admin"}
{"ip":"::1","uid":1,"time":1514250973,"action":"\u6dfb\u52a0 \u7ad9\u70b9\u3010#1\u3011\u6a21\u578b\u3010artical\u3011\u5185\u5bb9\u3010#321\u3011","username":"admin"}
{"ip":"::1","uid":1,"time":1514250993,"action":"\u4fee\u6539 \u7ad9\u70b9\u3010#1\u3011\u6a21\u578b \u5185\u5bb9\u3010#320\u3011","username":"admin"}
{"ip":"::1","uid":1,"time":1514251038,"action":"\u6dfb\u52a0 \u7ad9\u70b9\u3010#1\u3011\u6a21\u578b\u3010artical\u3011\u5185\u5bb9\u3010#322\u3011","username":"admin"}
{"ip":"::1","uid":1,"time":1514251077,"action":"\u6dfb\u52a0 \u7ad9\u70b9\u3010#1\u3011\u6a21\u578b\u3010artical\u3011\u5185\u5bb9\u3010#323\u3011","username":"admin"}
{"ip":"::1","uid":1,"time":1514251133,"action":"\u6dfb\u52a0 \u7ad9\u70b9\u3010#1\u3011\u6a21\u578b\u3010artical\u3011\u5185\u5bb9\u3010#324\u3011","username":"admin"}
{"ip":"::1","uid":1,"time":1514251217,"action":"\u6dfb\u52a0 \u7ad9\u70b9\u3010#1\u3011\u6a21\u578b\u3010artical\u3011\u5185\u5bb9\u3010#325\u3011","username":"admin"}
{"ip":"::1","uid":1,"time":1514251283,"action":"\u6dfb\u52a0 \u7ad9\u70b9\u3010#1\u3011\u6a21\u578b\u3010artical\u3011\u5185\u5bb9\u3010#326\u3011","username":"admin"}
{"ip":"::1","uid":1,"time":1514251299,"action":"\u6dfb\u52a0 \u7ad9\u70b9\u3010#1\u3011\u6a21\u578b\u3010artical\u3011\u5185\u5bb9\u3010#327\u3011","username":"admin"}
{"ip":"::1","uid":1,"time":1514251317,"action":"\u4fee\u6539 \u7ad9\u70b9\u3010#1\u3011\u6a21\u578b \u5185\u5bb9\u3010#326\u3011","username":"admin"}
{"ip":"::1","uid":1,"time":1514251326,"action":"\u4fee\u6539 \u7ad9\u70b9\u3010#1\u3011\u6a21\u578b \u5185\u5bb9\u3010#327\u3011","username":"admin"}
{"ip":"::1","uid":1,"time":1514251355,"action":"\u6dfb\u52a0 \u7ad9\u70b9\u3010#1\u3011\u6a21\u578b\u3010artical\u3011\u5185\u5bb9\u3010#328\u3011","username":"admin"}
{"ip":"::1","uid":1,"time":1514251384,"action":"\u6dfb\u52a0 \u7ad9\u70b9\u3010#1\u3011\u6a21\u578b\u3010artical\u3011\u5185\u5bb9\u3010#329\u3011","username":"admin"}
{"ip":"::1","uid":1,"time":1514251406,"action":"\u6dfb\u52a0 \u7ad9\u70b9\u3010#1\u3011\u6a21\u578b\u3010artical\u3011\u5185\u5bb9\u3010#330\u3011","username":"admin"}
{"ip":"::1","uid":1,"time":1514251717,"action":"\u6dfb\u52a0 \u7ad9\u70b9\u3010#1\u3011\u6a21\u578b\u3010artical\u3011\u5185\u5bb9\u3010#331\u3011","username":"admin"}
{"ip":"::1","uid":1,"time":1514254305,"action":"\u4fee\u6539\u7ad9\u70b9\u3010#1\u3011\u680f\u76ee\u3010#78\u3011","username":"admin"}
{"ip":"::1","uid":1,"time":1514254373,"action":"\u4fee\u6539\u7ad9\u70b9\u3010#1\u3011\u680f\u76ee\u3010#78\u3011","username":"admin"}
{"ip":"::1","uid":1,"time":1514255308,"action":"\u4fee\u6539\u7ad9\u70b9\u3010#1\u3011\u680f\u76ee\u3010#79\u3011","username":"admin"}
{"ip":"::1","uid":1,"time":1514256108,"action":"\u4fee\u6539\u7ad9\u70b9\u3010#1\u3011\u680f\u76ee\u3010#79\u3011","username":"admin"}
{"ip":"::1","uid":1,"time":1514256112,"action":"\u66f4\u65b0\u5168\u7ad9\u7f13\u5b58","username":"admin"}
{"ip":"::1","uid":1,"time":1514256878,"action":"\u4fee\u6539\u7ad9\u70b9\u3010#1\u3011\u680f\u76ee\u3010#80\u3011","username":"admin"}
{"ip":"::1","uid":1,"time":1514257010,"action":"\u4fee\u6539 \u7ad9\u70b9\u3010#1\u3011\u6a21\u578b \u5185\u5bb9\u3010#331\u3011","username":"admin"}
{"ip":"::1","uid":1,"time":1514257273,"action":"\u4fee\u6539\u7ad9\u70b9\u3010#1\u3011\u680f\u76ee\u3010#65\u3011","username":"admin"}
{"ip":"::1","uid":1,"time":1514258440,"action":"\u4fee\u6539\u7ad9\u70b9\u3010#1\u3011\u680f\u76ee\u3010#67\u3011","username":"admin"}
{"ip":"::1","uid":1,"time":1514258538,"action":"\u4fee\u6539\u7ad9\u70b9\u3010#1\u3011\u680f\u76ee\u3010#67\u3011","username":"admin"}
{"ip":"::1","uid":1,"time":1514258588,"action":"\u66f4\u65b0\u5168\u7ad9\u7f13\u5b58","username":"admin"}
{"ip":"::1","uid":1,"time":1514258598,"action":"\u4fee\u6539\u7ad9\u70b9\u3010#1\u3011\u680f\u76ee\u3010#67\u3011","username":"admin"}
{"ip":"::1","uid":1,"time":1514258884,"action":"\u4fee\u6539\u7ad9\u70b9\u3010#1\u3011\u680f\u76ee\u3010#66\u3011","username":"admin"}
{"ip":"::1","uid":1,"time":1514258900,"action":"\u4fee\u6539\u7ad9\u70b9\u3010#1\u3011\u680f\u76ee\u3010#68\u3011","username":"admin"}
{"ip":"::1","uid":1,"time":1514258912,"action":"\u4fee\u6539\u7ad9\u70b9\u3010#1\u3011\u680f\u76ee\u3010#69\u3011","username":"admin"}
{"ip":"::1","uid":1,"time":1514258972,"action":"\u4fee\u6539\u7ad9\u70b9\u3010#1\u3011\u680f\u76ee\u3010#69\u3011","username":"admin"}
{"ip":"::1","uid":1,"time":1514259013,"action":"\u4fee\u6539\u7ad9\u70b9\u3010#1\u3011\u680f\u76ee\u3010#70\u3011","username":"admin"}
{"ip":"::1","uid":1,"time":1514259025,"action":"\u4fee\u6539\u7ad9\u70b9\u3010#1\u3011\u680f\u76ee\u3010#71\u3011","username":"admin"}
{"ip":"::1","uid":1,"time":1514259050,"action":"\u4fee\u6539\u7ad9\u70b9\u3010#1\u3011\u680f\u76ee\u3010#72\u3011","username":"admin"}
{"ip":"::1","uid":1,"time":1514259061,"action":"\u4fee\u6539\u7ad9\u70b9\u3010#1\u3011\u680f\u76ee\u3010#73\u3011","username":"admin"}
{"ip":"::1","uid":1,"time":1514259073,"action":"\u4fee\u6539\u7ad9\u70b9\u3010#1\u3011\u680f\u76ee\u3010#74\u3011","username":"admin"}
{"ip":"::1","uid":1,"time":1514259086,"action":"\u4fee\u6539\u7ad9\u70b9\u3010#1\u3011\u680f\u76ee\u3010#75\u3011","username":"admin"}
{"ip":"::1","uid":1,"time":1514259120,"action":"\u4fee\u6539\u7ad9\u70b9\u3010#1\u3011\u680f\u76ee\u3010#76\u3011","username":"admin"}
{"ip":"::1","uid":1,"time":1514259137,"action":"\u4fee\u6539\u7ad9\u70b9\u3010#1\u3011\u680f\u76ee\u3010#77\u3011","username":"admin"}
{"ip":"::1","uid":1,"time":1514259150,"action":"\u4fee\u6539\u7ad9\u70b9\u3010#1\u3011\u680f\u76ee\u3010#77\u3011","username":"admin"}
{"ip":"::1","uid":1,"time":1514262604,"action":"\u4fee\u6539\u7ad9\u70b9\u3010#1\u3011\u680f\u76ee\u3010#67\u3011","username":"admin"}
{"ip":"::1","uid":1,"time":1514262647,"action":"\u4fee\u6539\u7ad9\u70b9\u3010#1\u3011\u680f\u76ee\u3010#69\u3011","username":"admin"}
{"ip":"::1","uid":1,"time":1514262699,"action":"\u4fee\u6539\u7ad9\u70b9\u3010#1\u3011\u680f\u76ee\u3010#67\u3011","username":"admin"}
{"ip":"::1","uid":1,"time":1514262720,"action":"\u4fee\u6539\u7ad9\u70b9\u3010#1\u3011\u680f\u76ee\u3010#69\u3011","username":"admin"}
{"ip":"::1","uid":1,"time":1514263338,"action":"\u4fee\u6539 \u7ad9\u70b9\u3010#1\u3011\u6a21\u578b \u5185\u5bb9\u3010#319\u3011","username":"admin"}
{"ip":"::1","uid":1,"time":1514263385,"action":"\u4fee\u6539 \u7ad9\u70b9\u3010#1\u3011\u6a21\u578b \u5185\u5bb9\u3010#320\u3011","username":"admin"}
{"ip":"::1","uid":1,"time":1514263434,"action":"\u4fee\u6539 \u7ad9\u70b9\u3010#1\u3011\u6a21\u578b \u5185\u5bb9\u3010#321\u3011","username":"admin"}
{"ip":"::1","uid":1,"time":1514263460,"action":"\u4fee\u6539 \u7ad9\u70b9\u3010#1\u3011\u6a21\u578b \u5185\u5bb9\u3010#322\u3011","username":"admin"}
{"ip":"::1","uid":1,"time":1514263474,"action":"\u4fee\u6539 \u7ad9\u70b9\u3010#1\u3011\u6a21\u578b \u5185\u5bb9\u3010#322\u3011","username":"admin"}
{"ip":"::1","uid":1,"time":1514263518,"action":"\u4fee\u6539 \u7ad9\u70b9\u3010#1\u3011\u6a21\u578b \u5185\u5bb9\u3010#323\u3011","username":"admin"}
{"ip":"::1","uid":1,"time":1514263556,"action":"\u4fee\u6539 \u7ad9\u70b9\u3010#1\u3011\u6a21\u578b \u5185\u5bb9\u3010#324\u3011","username":"admin"}
{"ip":"::1","uid":1,"time":1514264590,"action":"\u4fee\u6539 \u7ad9\u70b9\u3010#1\u3011\u6a21\u578b \u5185\u5bb9\u3010#319\u3011","username":"admin"}
{"ip":"::1","uid":1,"time":1514264637,"action":"\u4fee\u6539 \u7ad9\u70b9\u3010#1\u3011\u6a21\u578b \u5185\u5bb9\u3010#320\u3011","username":"admin"}
{"ip":"::1","uid":1,"time":1514264659,"action":"\u4fee\u6539 \u7ad9\u70b9\u3010#1\u3011\u6a21\u578b \u5185\u5bb9\u3010#321\u3011","username":"admin"}
{"ip":"::1","uid":1,"time":1514264676,"action":"\u4fee\u6539 \u7ad9\u70b9\u3010#1\u3011\u6a21\u578b \u5185\u5bb9\u3010#322\u3011","username":"admin"}
{"ip":"::1","uid":1,"time":1514264761,"action":"\u4fee\u6539 \u7ad9\u70b9\u3010#1\u3011\u6a21\u578b \u5185\u5bb9\u3010#323\u3011","username":"admin"}
{"ip":"::1","uid":1,"time":1514264781,"action":"\u4fee\u6539 \u7ad9\u70b9\u3010#1\u3011\u6a21\u578b \u5185\u5bb9\u3010#324\u3011","username":"admin"}
{"ip":"::1","uid":1,"time":1514266327,"action":"\u4fee\u6539\u7ad9\u70b9\u3010#1\u3011\u680f\u76ee\u3010#66\u3011","username":"admin"}
{"ip":"::1","uid":1,"time":1514266458,"action":"\u4fee\u6539 \u7ad9\u70b9\u3010#1\u3011\u6a21\u578b \u5185\u5bb9\u3010#324\u3011","username":"admin"}
{"ip":"::1","uid":1,"time":1514266680,"action":"\u66f4\u65b0\u5168\u7ad9\u7f13\u5b58","username":"admin"}
{"ip":"::1","uid":1,"time":1514266790,"action":"\u4fee\u6539 \u7ad9\u70b9\u3010#1\u3011\u6a21\u578b \u5185\u5bb9\u3010#249\u3011","username":"admin"}
{"ip":"::1","uid":1,"time":1514266809,"action":"\u4fee\u6539 \u7ad9\u70b9\u3010#1\u3011\u6a21\u578b \u5185\u5bb9\u3010#248\u3011","username":"admin"}
{"ip":"::1","uid":1,"time":1514268267,"action":"\u4fee\u6539 \u7ad9\u70b9\u3010#1\u3011\u6a21\u578b \u5185\u5bb9\u3010#249\u3011","username":"admin"}
{"ip":"::1","uid":1,"time":1514269450,"action":"\u4fee\u6539\u7ad9\u70b9\u3010#1\u3011\u680f\u76ee\u3010#62\u3011","username":"admin"}
{"ip":"::1","uid":1,"time":1514269822,"action":"\u66f4\u65b0\u5168\u7ad9\u7f13\u5b58","username":"admin"}
{"ip":"::1","uid":1,"time":1514269945,"action":"\u66f4\u65b0\u5168\u7ad9\u7f13\u5b58","username":"admin"}
{"ip":"::1","uid":1,"time":1514270042,"action":"\u6dfb\u52a0\u7ad9\u70b9\u3010#1\u3011\u680f\u76ee\u3010#83\u3011","username":"admin"}
{"ip":"::1","uid":1,"time":1514270059,"action":"\u4fee\u6539\u7ad9\u70b9\u3010#1\u3011\u680f\u76ee\u3010#83\u3011","username":"admin"}
{"ip":"::1","uid":1,"time":1514270253,"action":"\u6dfb\u52a0 \u7ad9\u70b9\u3010#1\u3011\u6a21\u578b\u3010artical\u3011\u5185\u5bb9\u3010#332\u3011","username":"admin"}
{"ip":"::1","uid":1,"time":1514270328,"action":"\u6dfb\u52a0 \u7ad9\u70b9\u3010#1\u3011\u6a21\u578b\u3010artical\u3011\u5185\u5bb9\u3010#333\u3011","username":"admin"}
{"ip":"::1","uid":1,"time":1514270379,"action":"\u6dfb\u52a0 \u7ad9\u70b9\u3010#1\u3011\u6a21\u578b\u3010artical\u3011\u5185\u5bb9\u3010#334\u3011","username":"admin"}
{"ip":"::1","uid":1,"time":1514270429,"action":"\u6dfb\u52a0 \u7ad9\u70b9\u3010#1\u3011\u6a21\u578b\u3010artical\u3011\u5185\u5bb9\u3010#335\u3011","username":"admin"}
{"ip":"::1","uid":1,"time":1514270490,"action":"\u6dfb\u52a0 \u7ad9\u70b9\u3010#1\u3011\u6a21\u578b\u3010artical\u3011\u5185\u5bb9\u3010#336\u3011","username":"admin"}
{"ip":"::1","uid":1,"time":1514270533,"action":"\u4fee\u6539 \u7ad9\u70b9\u3010#1\u3011\u6a21\u578b \u5185\u5bb9\u3010#332\u3011","username":"admin"}
{"ip":"::1","uid":1,"time":1514270550,"action":"\u4fee\u6539 \u7ad9\u70b9\u3010#1\u3011\u6a21\u578b \u5185\u5bb9\u3010#333\u3011","username":"admin"}
{"ip":"::1","uid":1,"time":1514270562,"action":"\u4fee\u6539 \u7ad9\u70b9\u3010#1\u3011\u6a21\u578b \u5185\u5bb9\u3010#334\u3011","username":"admin"}
{"ip":"::1","uid":1,"time":1514270579,"action":"\u4fee\u6539 \u7ad9\u70b9\u3010#1\u3011\u6a21\u578b \u5185\u5bb9\u3010#335\u3011","username":"admin"}
{"ip":"::1","uid":1,"time":1514270589,"action":"\u4fee\u6539 \u7ad9\u70b9\u3010#1\u3011\u6a21\u578b \u5185\u5bb9\u3010#336\u3011","username":"admin"}
{"ip":"::1","uid":1,"time":1514271023,"action":"\u4fee\u6539 \u7ad9\u70b9\u3010#1\u3011\u6a21\u578b \u5185\u5bb9\u3010#336\u3011","username":"admin"}
{"ip":"::1","uid":1,"time":1514271235,"action":"\u4fee\u6539 \u7ad9\u70b9\u3010#1\u3011\u6a21\u578b \u5185\u5bb9\u3010#333\u3011","username":"admin"}
{"ip":"::1","uid":1,"time":1514271257,"action":"\u4fee\u6539 \u7ad9\u70b9\u3010#1\u3011\u6a21\u578b \u5185\u5bb9\u3010#334\u3011","username":"admin"}
{"ip":"::1","uid":1,"time":1514271271,"action":"\u4fee\u6539\u7cfb\u7edf\u914d\u7f6e","username":"admin"}
{"ip":"::1","uid":1,"time":1514271510,"action":"\u66f4\u65b0\u5168\u7ad9\u7f13\u5b58","username":"admin"}
{"ip":"::1","uid":1,"time":1514271641,"action":"\u4fee\u6539 \u7ad9\u70b9\u3010#1\u3011\u6a21\u578b \u5185\u5bb9\u3010#334\u3011","username":"admin"}
{"ip":"::1","uid":1,"time":1514271666,"action":"\u4fee\u6539 \u7ad9\u70b9\u3010#1\u3011\u6a21\u578b \u5185\u5bb9\u3010#333\u3011","username":"admin"}
{"ip":"::1","uid":1,"time":1514271707,"action":"\u4fee\u6539 \u7ad9\u70b9\u3010#1\u3011\u6a21\u578b \u5185\u5bb9\u3010#336\u3011","username":"admin"}
{"ip":"::1","uid":1,"time":1514271737,"action":"\u4fee\u6539 \u7ad9\u70b9\u3010#1\u3011\u6a21\u578b \u5185\u5bb9\u3010#335\u3011","username":"admin"}
{"ip":"::1","uid":1,"time":1514271785,"action":"\u4fee\u6539 \u7ad9\u70b9\u3010#1\u3011\u6a21\u578b \u5185\u5bb9\u3010#332\u3011","username":"admin"}
{"ip":"::1","uid":1,"time":1514272411,"action":"http:\/\/localhost\/admin.php?c=content&m=edit&mid=artical&id=332  --->>>  \u5220\u9664\u9644\u4ef6(34#cc_1_artical-332#thumb)\uff1a201712\/3354951bfa.png","username":"admin"}
{"ip":"::1","uid":1,"time":1514272411,"action":"\u4fee\u6539 \u7ad9\u70b9\u3010#1\u3011\u6a21\u578b \u5185\u5bb9\u3010#332\u3011","username":"admin"}
{"ip":"::1","uid":1,"time":1514272435,"action":"http:\/\/localhost\/admin.php?c=content&m=edit&mid=artical&id=335  --->>>  \u5220\u9664\u9644\u4ef6(33#cc_1_artical-335#thumb)\uff1a201712\/f32ad064e7.jpg","username":"admin"}
{"ip":"::1","uid":1,"time":1514272435,"action":"\u4fee\u6539 \u7ad9\u70b9\u3010#1\u3011\u6a21\u578b \u5185\u5bb9\u3010#335\u3011","username":"admin"}
{"ip":"::1","uid":1,"time":1514272464,"action":"http:\/\/localhost\/admin.php?c=content&m=edit&mid=artical&id=336  --->>>  \u5220\u9664\u9644\u4ef6(32#cc_1_artical-336#thumb)\uff1a201712\/d7107ce224.jpg","username":"admin"}
{"ip":"::1","uid":1,"time":1514272464,"action":"\u4fee\u6539 \u7ad9\u70b9\u3010#1\u3011\u6a21\u578b \u5185\u5bb9\u3010#336\u3011","username":"admin"}
{"ip":"::1","uid":1,"time":1514272509,"action":"http:\/\/localhost\/admin.php?c=content&m=edit&mid=artical&id=333  --->>>  \u5220\u9664\u9644\u4ef6(31#cc_1_artical-333#thumb)\uff1a201712\/cf465782fe.png","username":"admin"}
{"ip":"::1","uid":1,"time":1514272509,"action":"\u4fee\u6539 \u7ad9\u70b9\u3010#1\u3011\u6a21\u578b \u5185\u5bb9\u3010#333\u3011","username":"admin"}
{"ip":"::1","uid":1,"time":1514272532,"action":"http:\/\/localhost\/admin.php?c=content&m=edit&mid=artical&id=334  --->>>  \u5220\u9664\u9644\u4ef6(30#cc_1_artical-334#thumb)\uff1a201712\/550464b722.jpg","username":"admin"}
{"ip":"::1","uid":1,"time":1514272532,"action":"\u4fee\u6539 \u7ad9\u70b9\u3010#1\u3011\u6a21\u578b \u5185\u5bb9\u3010#334\u3011","username":"admin"}
{"ip":"::1","uid":1,"time":1514272540,"action":"\u66f4\u65b0\u5168\u7ad9\u7f13\u5b58","username":"admin"}
{"ip":"::1","uid":1,"time":1514272889,"action":"http:\/\/localhost\/admin.php?c=content&m=edit&mid=artical&id=318  --->>>  \u5220\u9664\u9644\u4ef6(28#cc_1_artical-318#thumb)\uff1a201712\/c4ddc01526.jpg","username":"admin"}
{"ip":"::1","uid":1,"time":1514272889,"action":"\u4fee\u6539 \u7ad9\u70b9\u3010#1\u3011\u6a21\u578b \u5185\u5bb9\u3010#318\u3011","username":"admin"}
{"ip":"::1","uid":1,"time":1514272905,"action":"http:\/\/localhost\/admin.php?c=content&m=edit&mid=artical&id=317  --->>>  \u5220\u9664\u9644\u4ef6(27#cc_1_artical-317#thumb)\uff1a201712\/13fb98d133.jpg","username":"admin"}
{"ip":"::1","uid":1,"time":1514272905,"action":"\u4fee\u6539 \u7ad9\u70b9\u3010#1\u3011\u6a21\u578b \u5185\u5bb9\u3010#317\u3011","username":"admin"}
{"ip":"::1","uid":1,"time":1514272922,"action":"http:\/\/localhost\/admin.php?c=content&m=edit&mid=artical&id=315  --->>>  \u5220\u9664\u9644\u4ef6(26#cc_1_artical-315#thumb)\uff1a201712\/b76c64b387.jpg","username":"admin"}
{"ip":"::1","uid":1,"time":1514272922,"action":"\u4fee\u6539 \u7ad9\u70b9\u3010#1\u3011\u6a21\u578b \u5185\u5bb9\u3010#315\u3011","username":"admin"}
{"ip":"::1","uid":1,"time":1514272941,"action":"http:\/\/localhost\/admin.php?c=content&m=edit&mid=artical&id=316  --->>>  \u5220\u9664\u9644\u4ef6(25#cc_1_artical-316#thumb)\uff1a201712\/6cbdda2586.jpg","username":"admin"}
{"ip":"::1","uid":1,"time":1514272941,"action":"\u4fee\u6539 \u7ad9\u70b9\u3010#1\u3011\u6a21\u578b \u5185\u5bb9\u3010#316\u3011","username":"admin"}
{"ip":"::1","uid":1,"time":1514272962,"action":"http:\/\/localhost\/admin.php?c=content&m=edit&mid=artical&id=314  --->>>  \u5220\u9664\u9644\u4ef6(24#cc_1_artical-314#thumb)\uff1a201712\/6a48632127.jpg","username":"admin"}
{"ip":"::1","uid":1,"time":1514272962,"action":"\u4fee\u6539 \u7ad9\u70b9\u3010#1\u3011\u6a21\u578b \u5185\u5bb9\u3010#314\u3011","username":"admin"}
{"ip":"::1","uid":1,"time":1514272988,"action":"http:\/\/localhost\/admin.php?c=content&m=edit&mid=artical&id=313  --->>>  \u5220\u9664\u9644\u4ef6(23#cc_1_artical-313#thumb)\uff1a201712\/6491b4f459.jpg","username":"admin"}
{"ip":"::1","uid":1,"time":1514272988,"action":"\u4fee\u6539 \u7ad9\u70b9\u3010#1\u3011\u6a21\u578b \u5185\u5bb9\u3010#313\u3011","username":"admin"}
{"ip":"::1","uid":1,"time":1514273012,"action":"http:\/\/localhost\/admin.php?c=content&m=edit&mid=artical&id=312  --->>>  \u5220\u9664\u9644\u4ef6(22#cc_1_artical-312#thumb)\uff1a201712\/0f8b618742.jpg","username":"admin"}
{"ip":"::1","uid":1,"time":1514273012,"action":"\u4fee\u6539 \u7ad9\u70b9\u3010#1\u3011\u6a21\u578b \u5185\u5bb9\u3010#312\u3011","username":"admin"}
{"ip":"::1","uid":1,"time":1514273025,"action":"http:\/\/localhost\/admin.php?c=content&m=edit&mid=artical&id=311  --->>>  \u5220\u9664\u9644\u4ef6(21#cc_1_artical-311#thumb)\uff1a201712\/3fc6c20937.jpg","username":"admin"}
{"ip":"::1","uid":1,"time":1514273025,"action":"\u4fee\u6539 \u7ad9\u70b9\u3010#1\u3011\u6a21\u578b \u5185\u5bb9\u3010#311\u3011","username":"admin"}
{"ip":"::1","uid":1,"time":1514273031,"action":"\u66f4\u65b0\u5168\u7ad9\u7f13\u5b58","username":"admin"}
{"ip":"::1","uid":1,"time":1514275671,"action":"\u4fee\u6539 \u7ad9\u70b9\u3010#1\u3011\u6a21\u578b \u5185\u5bb9\u3010#260\u3011","username":"admin"}
{"ip":"::1","uid":1,"time":1514275720,"action":"\u4fee\u6539 \u7ad9\u70b9\u3010#1\u3011\u6a21\u578b \u5185\u5bb9\u3010#260\u3011","username":"admin"}
{"ip":"::1","uid":1,"time":1514275825,"action":"\u4fee\u6539 \u7ad9\u70b9\u3010#1\u3011\u6a21\u578b \u5185\u5bb9\u3010#260\u3011","username":"admin"}
{"ip":"::1","uid":1,"time":1514275827,"action":"\u66f4\u65b0\u5168\u7ad9\u7f13\u5b58","username":"admin"}
{"ip":"::1","uid":1,"time":1514275876,"action":"\u4fee\u6539 \u7ad9\u70b9\u3010#1\u3011\u6a21\u578b \u5185\u5bb9\u3010#260\u3011","username":"admin"}
{"ip":"::1","uid":1,"time":1514277532,"action":"\u4fee\u6539 \u7ad9\u70b9\u3010#1\u3011\u6a21\u578b \u5185\u5bb9\u3010#249\u3011","username":"admin"}
{"ip":"::1","uid":1,"time":1514277555,"action":"\u4fee\u6539 \u7ad9\u70b9\u3010#1\u3011\u6a21\u578b \u5185\u5bb9\u3010#248\u3011","username":"admin"}
{"ip":"::1","uid":1,"time":1514277816,"action":"\u6dfb\u52a0 \u7ad9\u70b9\u3010#1\u3011\u6a21\u578b\u3010artical\u3011\u5185\u5bb9\u3010#337\u3011","username":"admin"}
{"ip":"::1","uid":1,"time":1514277867,"action":"\u6dfb\u52a0 \u7ad9\u70b9\u3010#1\u3011\u6a21\u578b\u3010artical\u3011\u5185\u5bb9\u3010#338\u3011","username":"admin"}
{"ip":"::1","uid":1,"time":1514277910,"action":"\u6dfb\u52a0 \u7ad9\u70b9\u3010#1\u3011\u6a21\u578b\u3010artical\u3011\u5185\u5bb9\u3010#339\u3011","username":"admin"}
{"ip":"::1","uid":1,"time":1514277936,"action":"\u6dfb\u52a0 \u7ad9\u70b9\u3010#1\u3011\u6a21\u578b\u3010artical\u3011\u5185\u5bb9\u3010#340\u3011","username":"admin"}
{"ip":"::1","uid":1,"time":1514277953,"action":"\u6dfb\u52a0 \u7ad9\u70b9\u3010#1\u3011\u6a21\u578b\u3010artical\u3011\u5185\u5bb9\u3010#341\u3011","username":"admin"}
{"ip":"::1","uid":1,"time":1514277990,"action":"\u6dfb\u52a0 \u7ad9\u70b9\u3010#1\u3011\u6a21\u578b\u3010artical\u3011\u5185\u5bb9\u3010#342\u3011","username":"admin"}
{"ip":"::1","uid":1,"time":1514278008,"action":"\u6dfb\u52a0 \u7ad9\u70b9\u3010#1\u3011\u6a21\u578b\u3010artical\u3011\u5185\u5bb9\u3010#343\u3011","username":"admin"}
{"ip":"::1","uid":1,"time":1514278020,"action":"\u6dfb\u52a0 \u7ad9\u70b9\u3010#1\u3011\u6a21\u578b\u3010artical\u3011\u5185\u5bb9\u3010#344\u3011","username":"admin"}
{"ip":"::1","uid":1,"time":1514278031,"action":"\u6dfb\u52a0 \u7ad9\u70b9\u3010#1\u3011\u6a21\u578b\u3010artical\u3011\u5185\u5bb9\u3010#345\u3011","username":"admin"}
{"ip":"::1","uid":1,"time":1514278200,"action":"\u6dfb\u52a0 \u7ad9\u70b9\u3010#1\u3011\u6a21\u578b\u3010artical\u3011\u5185\u5bb9\u3010#346\u3011","username":"admin"}
{"ip":"::1","uid":1,"time":1514278275,"action":"\u6dfb\u52a0 \u7ad9\u70b9\u3010#1\u3011\u6a21\u578b\u3010artical\u3011\u5185\u5bb9\u3010#347\u3011","username":"admin"}
{"ip":"::1","uid":1,"time":1514278326,"action":"\u6dfb\u52a0 \u7ad9\u70b9\u3010#1\u3011\u6a21\u578b\u3010artical\u3011\u5185\u5bb9\u3010#348\u3011","username":"admin"}
{"ip":"::1","uid":1,"time":1514278353,"action":"\u6dfb\u52a0 \u7ad9\u70b9\u3010#1\u3011\u6a21\u578b\u3010artical\u3011\u5185\u5bb9\u3010#349\u3011","username":"admin"}
{"ip":"::1","uid":1,"time":1514278377,"action":"\u6dfb\u52a0 \u7ad9\u70b9\u3010#1\u3011\u6a21\u578b\u3010artical\u3011\u5185\u5bb9\u3010#350\u3011","username":"admin"}
{"ip":"::1","uid":1,"time":1514278391,"action":"\u6dfb\u52a0 \u7ad9\u70b9\u3010#1\u3011\u6a21\u578b\u3010artical\u3011\u5185\u5bb9\u3010#351\u3011","username":"admin"}
{"ip":"::1","uid":1,"time":1514278409,"action":"\u6dfb\u52a0 \u7ad9\u70b9\u3010#1\u3011\u6a21\u578b\u3010artical\u3011\u5185\u5bb9\u3010#352\u3011","username":"admin"}
{"ip":"::1","uid":1,"time":1514278430,"action":"\u6dfb\u52a0 \u7ad9\u70b9\u3010#1\u3011\u6a21\u578b\u3010artical\u3011\u5185\u5bb9\u3010#353\u3011","username":"admin"}
{"ip":"::1","uid":1,"time":1514279006,"action":"\u66f4\u65b0\u5168\u7ad9\u7f13\u5b58","username":"admin"}
{"ip":"::1","uid":1,"time":1514279102,"action":"\u4fee\u6539 \u7ad9\u70b9\u3010#1\u3011\u6a21\u578b \u5185\u5bb9\u3010#350\u3011","username":"admin"}
{"ip":"::1","uid":1,"time":1514279108,"action":"\u4fee\u6539 \u7ad9\u70b9\u3010#1\u3011\u6a21\u578b \u5185\u5bb9\u3010#347\u3011","username":"admin"}