
{"ip":"::1","uid":1,"time":1505980823,"action":"\u66f4\u65b0\u5168\u7ad9\u7f13\u5b58","username":"admin"}
{"ip":"::1","uid":1,"time":1505980886,"action":"\u6dfb\u52a0\u7ad9\u70b9\u3010#1\u3011\u680f\u76ee\u3010#22\u3011","username":"admin"}
{"ip":"::1","uid":1,"time":1505981517,"action":"\u4fee\u6539\u7ad9\u70b9\u3010#1\u3011\u680f\u76ee\u3010#22\u3011","username":"admin"}
{"ip":"::1","uid":1,"time":1505981640,"action":"\u4fee\u6539\u7ad9\u70b9\u3010#1\u3011\u680f\u76ee\u3010#22\u3011","username":"admin"}
{"ip":"::1","uid":1,"time":1505981683,"action":"\u6dfb\u52a0\u7ad9\u70b9\u3010#1\u3011\u680f\u76ee\u3010#23\u3011","username":"admin"}
{"ip":"::1","uid":1,"time":1505981711,"action":"\u6dfb\u52a0\u7ad9\u70b9\u3010#1\u3011\u680f\u76ee\u3010#24\u3011","username":"admin"}
{"ip":"::1","uid":1,"time":1505981730,"action":"\u6dfb\u52a0\u7ad9\u70b9\u3010#1\u3011\u680f\u76ee\u3010#25\u3011","username":"admin"}
{"ip":"::1","uid":1,"time":1505981748,"action":"\u6dfb\u52a0\u7ad9\u70b9\u3010#1\u3011\u680f\u76ee\u3010#26\u3011","username":"admin"}
{"ip":"::1","uid":1,"time":1505981797,"action":"\u5378\u8f7d\u6a21\u578b\u3010#4\u3011","username":"admin"}
{"ip":"::1","uid":1,"time":1505981855,"action":"\u521b\u5efa\u6a21\u578bbannerindex\u3011","username":"admin"}
{"ip":"::1","uid":1,"time":1505981903,"action":"\u4fee\u6539\u6a21\u578b\u3010bannerindex\u3011\u5b57\u6bb5\u3010thumb\u3011","username":"admin"}
{"ip":"::1","uid":1,"time":1505981914,"action":"\u4fee\u6539\u6a21\u578b\u3010bannerindex\u3011\u5b57\u6bb5\u3010title\u3011","username":"admin"}
{"ip":"::1","uid":1,"time":1505981926,"action":"\u4fee\u6539\u6a21\u578b\u3010bannerindex\u3011\u5b57\u6bb5\u3010description\u3011","username":"admin"}
{"ip":"::1","uid":1,"time":1505981933,"action":"\u4fee\u6539\u6a21\u578b\u3010bannerindex\u3011\u5b57\u6bb5\u3010content\u3011","username":"admin"}
{"ip":"::1","uid":1,"time":1505981942,"action":"\u4fee\u6539\u6a21\u578b\u3010bannerindex\u3011\u5b57\u6bb5\u3010keywords\u3011","username":"admin"}
{"ip":"::1","uid":1,"time":1505982015,"action":"\u5220\u9664\u6a21\u578b\u3010bannerindex\u3011\u5b57\u6bb5\u3010#47\u3011","username":"admin"}
{"ip":"::1","uid":1,"time":1505982018,"action":"\u66f4\u65b0\u5168\u7ad9\u7f13\u5b58","username":"admin"}
{"ip":"::1","uid":1,"time":1505982097,"action":"\u521b\u5efa\u6a21\u578bbannershop\u3011","username":"admin"}
{"ip":"::1","uid":1,"time":1505982130,"action":"\u5378\u8f7d\u6a21\u578b\u3010#10\u3011","username":"admin"}
{"ip":"::1","uid":1,"time":1505982142,"action":"\u521b\u5efa\u6a21\u578bbannerindex\u3011","username":"admin"}
{"ip":"::1","uid":1,"time":1505982166,"action":"\u521b\u5efa\u6a21\u578bbannernews\u3011","username":"admin"}
{"ip":"::1","uid":1,"time":1505982195,"action":"\u521b\u5efa\u6a21\u578bbannerbusiness\u3011","username":"admin"}
{"ip":"::1","uid":1,"time":1505982230,"action":"\u521b\u5efa\u6a21\u578bbannercontact\u3011","username":"admin"}
{"ip":"::1","uid":1,"time":1505982250,"action":"\u4fee\u6539\u6a21\u578b\u3010bannershop\u3011\u5b57\u6bb5\u3010title\u3011","username":"admin"}
{"ip":"::1","uid":1,"time":1505982258,"action":"\u4fee\u6539\u6a21\u578b\u3010bannershop\u3011\u5b57\u6bb5\u3010thumb\u3011","username":"admin"}
{"ip":"::1","uid":1,"time":1505982263,"action":"\u4fee\u6539\u6a21\u578b\u3010bannershop\u3011\u5b57\u6bb5\u3010keywords\u3011","username":"admin"}
{"ip":"::1","uid":1,"time":1505982268,"action":"\u4fee\u6539\u6a21\u578b\u3010bannershop\u3011\u5b57\u6bb5\u3010content\u3011","username":"admin"}
{"ip":"::1","uid":1,"time":1505982273,"action":"\u4fee\u6539\u6a21\u578b\u3010bannershop\u3011\u5b57\u6bb5\u3010description\u3011","username":"admin"}
{"ip":"::1","uid":1,"time":1505982282,"action":"\u4fee\u6539\u6a21\u578b\u3010bannerindex\u3011\u5b57\u6bb5\u3010keywords\u3011","username":"admin"}
{"ip":"::1","uid":1,"time":1505982292,"action":"\u5378\u8f7d\u6a21\u578b\u3010#11\u3011","username":"admin"}
{"ip":"::1","uid":1,"time":1505982295,"action":"\u5378\u8f7d\u6a21\u578b\u3010#12\u3011","username":"admin"}
{"ip":"::1","uid":1,"time":1505982298,"action":"\u5378\u8f7d\u6a21\u578b\u3010#13\u3011","username":"admin"}
{"ip":"::1","uid":1,"time":1505982300,"action":"\u5378\u8f7d\u6a21\u578b\u3010#14\u3011","username":"admin"}
{"ip":"::1","uid":1,"time":1505982308,"action":"\u5378\u8f7d\u6a21\u578b\u3010#15\u3011","username":"admin"}
{"ip":"::1","uid":1,"time":1505982314,"action":"\u521b\u5efa\u6a21\u578bbanner\u3011","username":"admin"}
{"ip":"::1","uid":1,"time":1505982326,"action":"\u4fee\u6539\u6a21\u578b\u3010banner\u3011\u5b57\u6bb5\u3010keywords\u3011","username":"admin"}
{"ip":"::1","uid":1,"time":1505982330,"action":"\u4fee\u6539\u6a21\u578b\u3010banner\u3011\u5b57\u6bb5\u3010description\u3011","username":"admin"}
{"ip":"::1","uid":1,"time":1505982335,"action":"\u4fee\u6539\u6a21\u578b\u3010banner\u3011\u5b57\u6bb5\u3010content\u3011","username":"admin"}
{"ip":"::1","uid":1,"time":1505982346,"action":"\u4fee\u6539\u6a21\u578b\u3010banner\u3011\u5b57\u6bb5\u3010title\u3011","username":"admin"}
{"ip":"::1","uid":1,"time":1505982352,"action":"\u4fee\u6539\u6a21\u578b\u3010banner\u3011\u5b57\u6bb5\u3010thumb\u3011","username":"admin"}
{"ip":"::1","uid":1,"time":1505982583,"action":"\u6dfb\u52a0\u6a21\u578b\u3010banner\u3011\u5b57\u6bb5\u3010show\u3011","username":"admin"}
{"ip":"::1","uid":1,"time":1505982621,"action":"\u6dfb\u52a0\u6a21\u578b\u3010banner\u3011\u5b57\u6bb5\u3010link\u3011","username":"admin"}
{"ip":"::1","uid":1,"time":1505982630,"action":"\u66f4\u65b0\u5168\u7ad9\u7f13\u5b58","username":"admin"}
{"ip":"::1","uid":1,"time":1505982635,"action":"\u66f4\u65b0\u5168\u7ad9\u7f13\u5b58","username":"admin"}
{"ip":"::1","uid":1,"time":1505982680,"action":"\u5220\u9664\u6a21\u578b\u3010banner\u3011\u5b57\u6bb5\u3010#78\u3011","username":"admin"}
{"ip":"::1","uid":1,"time":1505982732,"action":"\u6dfb\u52a0\u7ad9\u70b9\u3010#1\u3011\u680f\u76ee\u3010#27\u3011","username":"admin"}
{"ip":"::1","uid":1,"time":1505982761,"action":"\u6dfb\u52a0\u7ad9\u70b9\u3010#1\u3011\u680f\u76ee\u3010#28\u3011","username":"admin"}
{"ip":"::1","uid":1,"time":1505982782,"action":"\u6dfb\u52a0\u7ad9\u70b9\u3010#1\u3011\u680f\u76ee\u3010#29\u3011","username":"admin"}
{"ip":"::1","uid":1,"time":1505982803,"action":"\u6dfb\u52a0\u7ad9\u70b9\u3010#1\u3011\u680f\u76ee\u3010#30\u3011","username":"admin"}
{"ip":"::1","uid":1,"time":1505982835,"action":"\u6dfb\u52a0\u7ad9\u70b9\u3010#1\u3011\u680f\u76ee\u3010#31\u3011","username":"admin"}
{"ip":"::1","uid":1,"time":1505982848,"action":"\u4fee\u6539\u7ad9\u70b9\u3010#1\u3011\u680f\u76ee\u3010#30\u3011","username":"admin"}
{"ip":"::1","uid":1,"time":1505982881,"action":"\u6dfb\u52a0 \u7ad9\u70b9\u3010#1\u3011\u6a21\u578b\u3010banner\u3011\u5185\u5bb9\u3010#127\u3011","username":"admin"}
{"ip":"::1","uid":1,"time":1505982895,"action":"\u6dfb\u52a0 \u7ad9\u70b9\u3010#1\u3011\u6a21\u578b\u3010banner\u3011\u5185\u5bb9\u3010#128\u3011","username":"admin"}
{"ip":"::1","uid":1,"time":1505982910,"action":"\u6dfb\u52a0 \u7ad9\u70b9\u3010#1\u3011\u6a21\u578b\u3010banner\u3011\u5185\u5bb9\u3010#129\u3011","username":"admin"}
{"ip":"::1","uid":1,"time":1505982918,"action":"\u4fee\u6539 \u7ad9\u70b9\u3010#1\u3011\u6a21\u578b \u5185\u5bb9\u3010#127\u3011","username":"admin"}
{"ip":"::1","uid":1,"time":1505982949,"action":"\u6dfb\u52a0 \u7ad9\u70b9\u3010#1\u3011\u6a21\u578b\u3010banner\u3011\u5185\u5bb9\u3010#130\u3011","username":"admin"}
{"ip":"::1","uid":1,"time":1505982967,"action":"\u6dfb\u52a0 \u7ad9\u70b9\u3010#1\u3011\u6a21\u578b\u3010banner\u3011\u5185\u5bb9\u3010#131\u3011","username":"admin"}
{"ip":"::1","uid":1,"time":1505983065,"action":"\u66f4\u65b0\u5168\u7ad9\u7f13\u5b58","username":"admin"}
{"ip":"::1","uid":1,"time":1505983819,"action":"\u521b\u5efa\u6a21\u578bnews\u3011","username":"admin"}
{"ip":"::1","uid":1,"time":1505983835,"action":"\u4fee\u6539\u6a21\u578b\u3010news\u3011\u5b57\u6bb5\u3010title\u3011","username":"admin"}
{"ip":"::1","uid":1,"time":1505983849,"action":"\u4fee\u6539\u6a21\u578b\u3010news\u3011\u5b57\u6bb5\u3010keywords\u3011","username":"admin"}
{"ip":"::1","uid":1,"time":1505983873,"action":"\u4fee\u6539\u6a21\u578b\u3010news\u3011\u5b57\u6bb5\u3010description\u3011","username":"admin"}
{"ip":"::1","uid":1,"time":1505983917,"action":"\u6dfb\u52a0\u7ad9\u70b9\u3010#1\u3011\u680f\u76ee\u3010#32\u3011","username":"admin"}
{"ip":"::1","uid":1,"time":1505983925,"action":"\u66f4\u65b0\u5168\u7ad9\u7f13\u5b58","username":"admin"}
{"ip":"::1","uid":1,"time":1505984022,"action":"\u6dfb\u52a0 \u7ad9\u70b9\u3010#1\u3011\u6a21\u578b\u3010news\u3011\u5185\u5bb9\u3010#132\u3011","username":"admin"}
{"ip":"::1","uid":1,"time":1505984283,"action":"\u6dfb\u52a0\u6a21\u578b\u3010news\u3011\u5b57\u6bb5\u3010readnum\u3011","username":"admin"}
{"ip":"::1","uid":1,"time":1505984303,"action":"\u4fee\u6539 \u7ad9\u70b9\u3010#1\u3011\u6a21\u578b \u5185\u5bb9\u3010#132\u3011","username":"admin"}
{"ip":"::1","uid":1,"time":1505984316,"action":"\u66f4\u65b0\u5168\u7ad9\u7f13\u5b58","username":"admin"}
{"ip":"127.0.0.1","uid":1,"time":1505987894,"action":"\u914d\u7f6e\u7f51\u7ad9\u7ad9\u70b9\u3010#1\u3011","username":"admin"}
{"ip":"127.0.0.1","uid":1,"time":1505987900,"action":"\u66f4\u65b0\u5168\u7ad9\u7f13\u5b58","username":"admin"}